<?xml version="1.0" encoding="UTF-8"?>
<!-- Generated by org.testng.reporters.JUnitReportReporter -->
<testsuite skipped="0" hostname="DESKTOP-N308L1J" name="test.LoginTest" tests="1" failures="0" timestamp="26 Jun 2022 18:45:16 GMT" time="13.120" errors="0">
  <testcase name="validUserShouldBeAbleToLogin" time="13.120" classname="test.LoginTest"/>
</testsuite> <!-- test.LoginTest -->
